[19:56:58] [main/INFO]: Setting user: ForgeDevName
[19:56:59] [Client thread/INFO]: LWJGL Version: 2.9.1
[19:57:00] [Client thread/ERROR]: Couldn't initialize twitch stream
[19:57:05] [Client thread/INFO]: Reloading ResourceManager: Default, FMLFileResourcePack:Forge Mod Loader, FMLFileResourcePack:Minecraft Forge, FMLFileResourcePack:Carnival
[19:57:06] [Sound Library Loader/INFO]: Sound engine started
[19:57:09] [Client thread/INFO]: Created: 512x512 textures/blocks-atlas
[19:57:09] [Client thread/INFO]: Created: 512x256 textures/items-atlas
[19:57:09] [Client thread/INFO]: Reloading ResourceManager: Default, FMLFileResourcePack:Forge Mod Loader, FMLFileResourcePack:Minecraft Forge, FMLFileResourcePack:Carnival
[19:57:09] [Client thread/INFO]: Created: 512x256 textures/items-atlas
[19:57:10] [Client thread/INFO]: Created: 512x512 textures/blocks-atlas
[19:57:11] [Sound Library Loader/INFO]: Sound engine started
[19:57:16] [Server thread/INFO]: Starting integrated minecraft server version 1.7.10
[19:57:16] [Server thread/INFO]: Generating keypair
[19:57:16] [Server thread/INFO]: Preparing start region for level 0
[19:57:17] [Server thread/INFO]: Changing view distance to 12, from 10
[19:57:18] [Server thread/INFO]: ForgeDevName[local:E:1a8cf749] logged in with entity id 315 at (140.56238644089686, 4.0, 1590.6250966264374)
[19:57:18] [Server thread/INFO]: ForgeDevName joined the game
[19:58:03] [Server thread/INFO]: Saving and pausing game...
[19:58:03] [Server thread/INFO]: Saving chunks for level 'New World'/Overworld
[19:58:04] [Server thread/INFO]: Saving chunks for level 'New World'/Nether
[19:58:04] [Server thread/INFO]: Saving chunks for level 'New World'/The End
[19:58:14] [Server thread/INFO]: Stopping server
[19:58:14] [Server thread/INFO]: Saving players
[19:58:14] [Server thread/INFO]: Saving worlds
[19:58:14] [Server thread/INFO]: Saving chunks for level 'New World'/Overworld
[19:58:14] [Server thread/INFO]: Saving chunks for level 'New World'/Nether
[19:58:14] [Server thread/INFO]: Saving chunks for level 'New World'/The End
[19:58:15] [Client thread/INFO]: Stopping!
